<?xml version="1.0" encoding="utf-8" standalone="no"?>
<!--This file represents the results of running a test suite-->
<test-results name="C:\dev\SaiVision\Platform\SaiVision.Platform.DataAccess.NUnit\bin\Debug\SaiVision.Platform.DataAccess.NUnit.exe" total="1" errors="0" failures="0" not-run="0" inconclusive="0" ignored="0" skipped="0" invalid="0" date="2011-03-28" time="18:54:36">
  <environment nunit-version="2.5.7.10213" clr-version="2.0.50727.3053" os-version="Microsoft Windows NT 5.1.2600 Service Pack 3" platform="Win32NT" cwd="C:\Program Files\NUnit 2.5.7\bin\net-2.0" machine-name="NAMSOFT" user="Pranuveen" user-domain="NAMSOFT" />
  <culture-info current-culture="en-US" current-uiculture="en-US" />
  <test-suite type="Assembly" name="C:\dev\SaiVision\Platform\SaiVision.Platform.DataAccess.NUnit\bin\Debug\SaiVision.Platform.DataAccess.NUnit.exe" executed="True" result="Success" success="True" time="7.375" asserts="0">
    <results>
      <test-suite type="Namespace" name="SaiVision" executed="True" result="Success" success="True" time="7.375" asserts="0">
        <results>
          <test-suite type="Namespace" name="Platform" executed="True" result="Success" success="True" time="7.375" asserts="0">
            <results>
              <test-suite type="Namespace" name="DataAccess" executed="True" result="Success" success="True" time="7.375" asserts="0">
                <results>
                  <test-suite type="Namespace" name="NUnit" executed="True" result="Success" success="True" time="7.375" asserts="0">
                    <results>
                      <test-suite type="TestFixture" name="DatabaseWrapperTestInheritence" executed="True" result="Success" success="True" time="7.375" asserts="0">
                        <results>
                          <test-case name="SaiVision.Platform.DataAccess.NUnit.DatabaseWrapperTestInheritence.ExecuteDatasetWithReturnParameters" executed="True" result="Success" success="True" time="7.375" asserts="0" />
                        </results>
                      </test-suite>
                    </results>
                  </test-suite>
                </results>
              </test-suite>
            </results>
          </test-suite>
        </results>
      </test-suite>
    </results>
  </test-suite>
</test-results>